{
  "uid" : "90446455717f4d1c",
  "name" : "test_normal_add_device",
  "fullName" : "test_cases.test_device_management.test_add_device.TestAddDevice#test_normal_add_device",
  "historyId" : "801e32e4df4807d1493e03cea3cac3aa",
  "time" : {
    "start" : 1577676302786,
    "stop" : 1577676304174,
    "duration" : 1388
  },
  "description" : "\n        用例描述：输入设备编号，设备ip，生产厂家，选择设备类型，组织机构，正常新增设备\n        :return:\n        ",
  "descriptionHtml" : "<pre><code>    用例描述：输入设备编号，设备ip，生产厂家，选择设备类型，组织机构，正常新增设备\n    :return:\n</code></pre>\n",
  "status" : "broken",
  "statusMessage" : "selenium.common.exceptions.WebDriverException: Message: unknown error: Element <input type=\"text\" readonly=\"readonly\" placeholder=\"请选择\" class=\"selliinp\"> is not clickable at point (643, 393). Other element would receive the click: <li class=\"el-select-dropdown__item deviceItem playeropt\">...</li>\n  (Session info: chrome=79.0.3945.88)\n  (Driver info: chromedriver=2.44.609545 (c2f88692e98ce7233d2df7c724465ecacfe74df5),platform=Mac OS X 10.14.0 x86_64)",
  "statusTrace" : "self = <test_cases.test_device_management.test_add_device.TestAddDevice object at 0x1104c9128>\nstate_add_device_management_class = <OperationalLayer.deviceManagement.deviceManagementAddOperate.DeviceManagementAddOperate object at 0x1104f2e80>\nstate_driver = <selenium.webdriver.chrome.webdriver.WebDriver (session=\"4b39d22c75fde714a17c21b236ddd2cb\")>\n\n    @allure.story('这是一个测试正常新增设备的case')\n    def test_normal_add_device(self, state_add_device_management_class, state_driver):\n        '''\n        用例描述：输入设备编号，设备ip，生产厂家，选择设备类型，组织机构，正常新增设备\n        :return:\n        '''\n        state_add_device_management_class.click_device_management()\n        state_add_device_management_class.input_device_name_ip(\n            normal_add_device_data.normal_add_device_data.get('device_name'),\n            normal_add_device_data.normal_add_device_data.get('device_ip'))\n        device_type_element = state_driver. \\\n            find_element_by_xpath('//*[@class=\"manage-main\"]/div[2]/div/div/div/div[2]/ul/li[3]/div/div/input')\n        encode_element = state_driver.find_element_by_xpath('//*[@class=\"el-scrollbar\"]/div/ul/li/span')\n        state_add_device_management_class.choose_device_type(device_type_element, encode_element)\n        state_add_device_management_class.choose_organization_manufacturer(normal_add_device_data.\n>                                                                          normal_add_device_data.get('manufacturer'))\n\ntest_cases/test_device_management/test_add_device.py:28: \n_ _ _ _ _ _ _ _ _ _ _ _ _ _ _ _ _ _ _ _ _ _ _ _ _ _ _ _ _ _ _ _ _ _ _ _ _ _ _ _ _ _ _ _ _ _ _ _ _ _ _ _ _ _ _ _ _ _ _ _ _ _ _ _ _ _ _ _ _ _ _ _ _ _ _ _ _ _ _ _ _ _ _ _ _ _ _ _ _ _ _ _ _ _ _ _ _\nOperationalLayer/deviceManagement/deviceManagementAddOperate.py:30: in choose_organization_manufacturer\n    self.click(DeviceManagementElement.belong_to_organization_drop_down_box)\nBase/base.py:51: in click\n    ele.click()\n../../../Documents/python/ui-automation/venv/lib/python3.6/site-packages/selenium/webdriver/remote/webelement.py:80: in click\n    self._execute(Command.CLICK_ELEMENT)\n../../../Documents/python/ui-automation/venv/lib/python3.6/site-packages/selenium/webdriver/remote/webelement.py:633: in _execute\n    return self._parent.execute(command, params)\n../../../Documents/python/ui-automation/venv/lib/python3.6/site-packages/selenium/webdriver/remote/webdriver.py:321: in execute\n    self.error_handler.check_response(response)\n_ _ _ _ _ _ _ _ _ _ _ _ _ _ _ _ _ _ _ _ _ _ _ _ _ _ _ _ _ _ _ _ _ _ _ _ _ _ _ _ _ _ _ _ _ _ _ _ _ _ _ _ _ _ _ _ _ _ _ _ _ _ _ _ _ _ _ _ _ _ _ _ _ _ _ _ _ _ _ _ _ _ _ _ _ _ _ _ _ _ _ _ _ _ _ _ _\n\nself = <selenium.webdriver.remote.errorhandler.ErrorHandler object at 0x110440e48>\nresponse = {'sessionId': '4b39d22c75fde714a17c21b236ddd2cb', 'status': 13, 'value': {'message': 'unknown error: Element <input ty... (Driver info: chromedriver=2.44.609545 (c2f88692e98ce7233d2df7c724465ecacfe74df5),platform=Mac OS X 10.14.0 x86_64)'}}\n\n    def check_response(self, response):\n        \"\"\"\n        Checks that a JSON response from the WebDriver does not have an error.\n    \n        :Args:\n         - response - The JSON response from the WebDriver server as a dictionary\n           object.\n    \n        :Raises: If the response contains an error message.\n        \"\"\"\n        status = response.get('status', None)\n        if status is None or status == ErrorCode.SUCCESS:\n            return\n        value = None\n        message = response.get(\"message\", \"\")\n        screen = response.get(\"screen\", \"\")\n        stacktrace = None\n        if isinstance(status, int):\n            value_json = response.get('value', None)\n            if value_json and isinstance(value_json, basestring):\n                import json\n                try:\n                    value = json.loads(value_json)\n                    if len(value.keys()) == 1:\n                        value = value['value']\n                    status = value.get('error', None)\n                    if status is None:\n                        status = value[\"status\"]\n                        message = value[\"value\"]\n                        if not isinstance(message, basestring):\n                            value = message\n                            message = message.get('message')\n                    else:\n                        message = value.get('message', None)\n                except ValueError:\n                    pass\n    \n        exception_class = ErrorInResponseException\n        if status in ErrorCode.NO_SUCH_ELEMENT:\n            exception_class = NoSuchElementException\n        elif status in ErrorCode.NO_SUCH_FRAME:\n            exception_class = NoSuchFrameException\n        elif status in ErrorCode.NO_SUCH_WINDOW:\n            exception_class = NoSuchWindowException\n        elif status in ErrorCode.STALE_ELEMENT_REFERENCE:\n            exception_class = StaleElementReferenceException\n        elif status in ErrorCode.ELEMENT_NOT_VISIBLE:\n            exception_class = ElementNotVisibleException\n        elif status in ErrorCode.INVALID_ELEMENT_STATE:\n            exception_class = InvalidElementStateException\n        elif status in ErrorCode.INVALID_SELECTOR \\\n                or status in ErrorCode.INVALID_XPATH_SELECTOR \\\n                or status in ErrorCode.INVALID_XPATH_SELECTOR_RETURN_TYPER:\n            exception_class = InvalidSelectorException\n        elif status in ErrorCode.ELEMENT_IS_NOT_SELECTABLE:\n            exception_class = ElementNotSelectableException\n        elif status in ErrorCode.ELEMENT_NOT_INTERACTABLE:\n            exception_class = ElementNotInteractableException\n        elif status in ErrorCode.INVALID_COOKIE_DOMAIN:\n            exception_class = InvalidCookieDomainException\n        elif status in ErrorCode.UNABLE_TO_SET_COOKIE:\n            exception_class = UnableToSetCookieException\n        elif status in ErrorCode.TIMEOUT:\n            exception_class = TimeoutException\n        elif status in ErrorCode.SCRIPT_TIMEOUT:\n            exception_class = TimeoutException\n        elif status in ErrorCode.UNKNOWN_ERROR:\n            exception_class = WebDriverException\n        elif status in ErrorCode.UNEXPECTED_ALERT_OPEN:\n            exception_class = UnexpectedAlertPresentException\n        elif status in ErrorCode.NO_ALERT_OPEN:\n            exception_class = NoAlertPresentException\n        elif status in ErrorCode.IME_NOT_AVAILABLE:\n            exception_class = ImeNotAvailableException\n        elif status in ErrorCode.IME_ENGINE_ACTIVATION_FAILED:\n            exception_class = ImeActivationFailedException\n        elif status in ErrorCode.MOVE_TARGET_OUT_OF_BOUNDS:\n            exception_class = MoveTargetOutOfBoundsException\n        elif status in ErrorCode.JAVASCRIPT_ERROR:\n            exception_class = JavascriptException\n        elif status in ErrorCode.SESSION_NOT_CREATED:\n            exception_class = SessionNotCreatedException\n        elif status in ErrorCode.INVALID_ARGUMENT:\n            exception_class = InvalidArgumentException\n        elif status in ErrorCode.NO_SUCH_COOKIE:\n            exception_class = NoSuchCookieException\n        elif status in ErrorCode.UNABLE_TO_CAPTURE_SCREEN:\n            exception_class = ScreenshotException\n        elif status in ErrorCode.ELEMENT_CLICK_INTERCEPTED:\n            exception_class = ElementClickInterceptedException\n        elif status in ErrorCode.INSECURE_CERTIFICATE:\n            exception_class = InsecureCertificateException\n        elif status in ErrorCode.INVALID_COORDINATES:\n            exception_class = InvalidCoordinatesException\n        elif status in ErrorCode.INVALID_SESSION_ID:\n            exception_class = InvalidSessionIdException\n        elif status in ErrorCode.UNKNOWN_METHOD:\n            exception_class = UnknownMethodException\n        else:\n            exception_class = WebDriverException\n        if value == '' or value is None:\n            value = response['value']\n        if isinstance(value, basestring):\n            if exception_class == ErrorInResponseException:\n                raise exception_class(response, value)\n            raise exception_class(value)\n        if message == \"\" and 'message' in value:\n            message = value['message']\n    \n        screen = None\n        if 'screen' in value:\n            screen = value['screen']\n    \n        stacktrace = None\n        if 'stackTrace' in value and value['stackTrace']:\n            stacktrace = []\n            try:\n                for frame in value['stackTrace']:\n                    line = self._value_or_default(frame, 'lineNumber', '')\n                    file = self._value_or_default(frame, 'fileName', '<anonymous>')\n                    if line:\n                        file = \"%s:%s\" % (file, line)\n                    meth = self._value_or_default(frame, 'methodName', '<anonymous>')\n                    if 'className' in frame:\n                        meth = \"%s.%s\" % (frame['className'], meth)\n                    msg = \"    at %s (%s)\"\n                    msg = msg % (meth, file)\n                    stacktrace.append(msg)\n            except TypeError:\n                pass\n        if exception_class == ErrorInResponseException:\n            raise exception_class(response, message)\n        elif exception_class == UnexpectedAlertPresentException:\n            alert_text = None\n            if 'data' in value:\n                alert_text = value['data'].get('text')\n            elif 'alert' in value:\n                alert_text = value['alert'].get('text')\n            raise exception_class(message, screen, stacktrace, alert_text)\n>       raise exception_class(message, screen, stacktrace)\nE       selenium.common.exceptions.WebDriverException: Message: unknown error: Element <input type=\"text\" readonly=\"readonly\" placeholder=\"请选择\" class=\"selliinp\"> is not clickable at point (643, 393). Other element would receive the click: <li class=\"el-select-dropdown__item deviceItem playeropt\">...</li>\nE         (Session info: chrome=79.0.3945.88)\nE         (Driver info: chromedriver=2.44.609545 (c2f88692e98ce7233d2df7c724465ecacfe74df5),platform=Mac OS X 10.14.0 x86_64)\n\n../../../Documents/python/ui-automation/venv/lib/python3.6/site-packages/selenium/webdriver/remote/errorhandler.py:242: WebDriverException",
  "flaky" : false,
  "beforeStages" : [ {
    "name" : "database_base_configuration",
    "time" : {
      "start" : 1577676297937,
      "stop" : 1577676298076,
      "duration" : 139
    },
    "status" : "passed",
    "steps" : [ {
      "name" : "清空数据库",
      "time" : {
        "start" : 1577676297938,
        "stop" : 1577676298035,
        "duration" : 97
      },
      "status" : "passed",
      "steps" : [ ],
      "attachments" : [ ],
      "parameters" : [ ],
      "hasContent" : false,
      "stepsCount" : 0,
      "attachmentsCount" : 0,
      "shouldDisplayMessage" : false
    }, {
      "name" : "新增基础数据",
      "time" : {
        "start" : 1577676298036,
        "stop" : 1577676298076,
        "duration" : 40
      },
      "status" : "passed",
      "steps" : [ ],
      "attachments" : [ ],
      "parameters" : [ ],
      "hasContent" : false,
      "stepsCount" : 0,
      "attachmentsCount" : 0,
      "shouldDisplayMessage" : false
    } ],
    "attachments" : [ ],
    "parameters" : [ ],
    "hasContent" : true,
    "stepsCount" : 2,
    "attachmentsCount" : 0,
    "shouldDisplayMessage" : false
  }, {
    "name" : "state_login_class",
    "time" : {
      "start" : 1577676301035,
      "stop" : 1577676301035,
      "duration" : 0
    },
    "status" : "passed",
    "steps" : [ ],
    "attachments" : [ ],
    "parameters" : [ ],
    "hasContent" : false,
    "stepsCount" : 0,
    "attachmentsCount" : 0,
    "shouldDisplayMessage" : false
  }, {
    "name" : "normal_login",
    "time" : {
      "start" : 1577676301036,
      "stop" : 1577676302772,
      "duration" : 1736
    },
    "status" : "passed",
    "steps" : [ {
      "name" : "步骤1：到达登录页面",
      "time" : {
        "start" : 1577676301036,
        "stop" : 1577676301929,
        "duration" : 893
      },
      "status" : "passed",
      "steps" : [ ],
      "attachments" : [ ],
      "parameters" : [ ],
      "hasContent" : false,
      "stepsCount" : 0,
      "attachmentsCount" : 0,
      "shouldDisplayMessage" : false
    }, {
      "name" : "步骤2：输入账号，密码，验证码",
      "time" : {
        "start" : 1577676301929,
        "stop" : 1577676302700,
        "duration" : 771
      },
      "status" : "passed",
      "steps" : [ ],
      "attachments" : [ ],
      "parameters" : [ {
        "name" : "account",
        "value" : "'admin'"
      }, {
        "name" : "password",
        "value" : "'admin123'"
      }, {
        "name" : "verification_code",
        "value" : "'1111'"
      } ],
      "hasContent" : true,
      "stepsCount" : 0,
      "attachmentsCount" : 0,
      "shouldDisplayMessage" : false
    }, {
      "name" : "步骤3：点击登录按钮",
      "time" : {
        "start" : 1577676302701,
        "stop" : 1577676302771,
        "duration" : 70
      },
      "status" : "passed",
      "steps" : [ ],
      "attachments" : [ ],
      "parameters" : [ ],
      "hasContent" : false,
      "stepsCount" : 0,
      "attachmentsCount" : 0,
      "shouldDisplayMessage" : false
    } ],
    "attachments" : [ ],
    "parameters" : [ ],
    "hasContent" : true,
    "stepsCount" : 3,
    "attachmentsCount" : 0,
    "shouldDisplayMessage" : false
  }, {
    "name" : "state_add_device_management_class",
    "time" : {
      "start" : 1577676302772,
      "stop" : 1577676302772,
      "duration" : 0
    },
    "status" : "passed",
    "steps" : [ ],
    "attachments" : [ ],
    "parameters" : [ ],
    "hasContent" : false,
    "stepsCount" : 0,
    "attachmentsCount" : 0,
    "shouldDisplayMessage" : false
  }, {
    "name" : "state_driver",
    "time" : {
      "start" : 1577676298077,
      "stop" : 1577676301034,
      "duration" : 2957
    },
    "status" : "passed",
    "steps" : [ ],
    "attachments" : [ ],
    "parameters" : [ ],
    "hasContent" : false,
    "stepsCount" : 0,
    "attachmentsCount" : 0,
    "shouldDisplayMessage" : false
  } ],
  "testStage" : {
    "description" : "\n        用例描述：输入设备编号，设备ip，生产厂家，选择设备类型，组织机构，正常新增设备\n        :return:\n        ",
    "status" : "broken",
    "statusMessage" : "selenium.common.exceptions.WebDriverException: Message: unknown error: Element <input type=\"text\" readonly=\"readonly\" placeholder=\"请选择\" class=\"selliinp\"> is not clickable at point (643, 393). Other element would receive the click: <li class=\"el-select-dropdown__item deviceItem playeropt\">...</li>\n  (Session info: chrome=79.0.3945.88)\n  (Driver info: chromedriver=2.44.609545 (c2f88692e98ce7233d2df7c724465ecacfe74df5),platform=Mac OS X 10.14.0 x86_64)",
    "statusTrace" : "self = <test_cases.test_device_management.test_add_device.TestAddDevice object at 0x1104c9128>\nstate_add_device_management_class = <OperationalLayer.deviceManagement.deviceManagementAddOperate.DeviceManagementAddOperate object at 0x1104f2e80>\nstate_driver = <selenium.webdriver.chrome.webdriver.WebDriver (session=\"4b39d22c75fde714a17c21b236ddd2cb\")>\n\n    @allure.story('这是一个测试正常新增设备的case')\n    def test_normal_add_device(self, state_add_device_management_class, state_driver):\n        '''\n        用例描述：输入设备编号，设备ip，生产厂家，选择设备类型，组织机构，正常新增设备\n        :return:\n        '''\n        state_add_device_management_class.click_device_management()\n        state_add_device_management_class.input_device_name_ip(\n            normal_add_device_data.normal_add_device_data.get('device_name'),\n            normal_add_device_data.normal_add_device_data.get('device_ip'))\n        device_type_element = state_driver. \\\n            find_element_by_xpath('//*[@class=\"manage-main\"]/div[2]/div/div/div/div[2]/ul/li[3]/div/div/input')\n        encode_element = state_driver.find_element_by_xpath('//*[@class=\"el-scrollbar\"]/div/ul/li/span')\n        state_add_device_management_class.choose_device_type(device_type_element, encode_element)\n        state_add_device_management_class.choose_organization_manufacturer(normal_add_device_data.\n>                                                                          normal_add_device_data.get('manufacturer'))\n\ntest_cases/test_device_management/test_add_device.py:28: \n_ _ _ _ _ _ _ _ _ _ _ _ _ _ _ _ _ _ _ _ _ _ _ _ _ _ _ _ _ _ _ _ _ _ _ _ _ _ _ _ _ _ _ _ _ _ _ _ _ _ _ _ _ _ _ _ _ _ _ _ _ _ _ _ _ _ _ _ _ _ _ _ _ _ _ _ _ _ _ _ _ _ _ _ _ _ _ _ _ _ _ _ _ _ _ _ _\nOperationalLayer/deviceManagement/deviceManagementAddOperate.py:30: in choose_organization_manufacturer\n    self.click(DeviceManagementElement.belong_to_organization_drop_down_box)\nBase/base.py:51: in click\n    ele.click()\n../../../Documents/python/ui-automation/venv/lib/python3.6/site-packages/selenium/webdriver/remote/webelement.py:80: in click\n    self._execute(Command.CLICK_ELEMENT)\n../../../Documents/python/ui-automation/venv/lib/python3.6/site-packages/selenium/webdriver/remote/webelement.py:633: in _execute\n    return self._parent.execute(command, params)\n../../../Documents/python/ui-automation/venv/lib/python3.6/site-packages/selenium/webdriver/remote/webdriver.py:321: in execute\n    self.error_handler.check_response(response)\n_ _ _ _ _ _ _ _ _ _ _ _ _ _ _ _ _ _ _ _ _ _ _ _ _ _ _ _ _ _ _ _ _ _ _ _ _ _ _ _ _ _ _ _ _ _ _ _ _ _ _ _ _ _ _ _ _ _ _ _ _ _ _ _ _ _ _ _ _ _ _ _ _ _ _ _ _ _ _ _ _ _ _ _ _ _ _ _ _ _ _ _ _ _ _ _ _\n\nself = <selenium.webdriver.remote.errorhandler.ErrorHandler object at 0x110440e48>\nresponse = {'sessionId': '4b39d22c75fde714a17c21b236ddd2cb', 'status': 13, 'value': {'message': 'unknown error: Element <input ty... (Driver info: chromedriver=2.44.609545 (c2f88692e98ce7233d2df7c724465ecacfe74df5),platform=Mac OS X 10.14.0 x86_64)'}}\n\n    def check_response(self, response):\n        \"\"\"\n        Checks that a JSON response from the WebDriver does not have an error.\n    \n        :Args:\n         - response - The JSON response from the WebDriver server as a dictionary\n           object.\n    \n        :Raises: If the response contains an error message.\n        \"\"\"\n        status = response.get('status', None)\n        if status is None or status == ErrorCode.SUCCESS:\n            return\n        value = None\n        message = response.get(\"message\", \"\")\n        screen = response.get(\"screen\", \"\")\n        stacktrace = None\n        if isinstance(status, int):\n            value_json = response.get('value', None)\n            if value_json and isinstance(value_json, basestring):\n                import json\n                try:\n                    value = json.loads(value_json)\n                    if len(value.keys()) == 1:\n                        value = value['value']\n                    status = value.get('error', None)\n                    if status is None:\n                        status = value[\"status\"]\n                        message = value[\"value\"]\n                        if not isinstance(message, basestring):\n                            value = message\n                            message = message.get('message')\n                    else:\n                        message = value.get('message', None)\n                except ValueError:\n                    pass\n    \n        exception_class = ErrorInResponseException\n        if status in ErrorCode.NO_SUCH_ELEMENT:\n            exception_class = NoSuchElementException\n        elif status in ErrorCode.NO_SUCH_FRAME:\n            exception_class = NoSuchFrameException\n        elif status in ErrorCode.NO_SUCH_WINDOW:\n            exception_class = NoSuchWindowException\n        elif status in ErrorCode.STALE_ELEMENT_REFERENCE:\n            exception_class = StaleElementReferenceException\n        elif status in ErrorCode.ELEMENT_NOT_VISIBLE:\n            exception_class = ElementNotVisibleException\n        elif status in ErrorCode.INVALID_ELEMENT_STATE:\n            exception_class = InvalidElementStateException\n        elif status in ErrorCode.INVALID_SELECTOR \\\n                or status in ErrorCode.INVALID_XPATH_SELECTOR \\\n                or status in ErrorCode.INVALID_XPATH_SELECTOR_RETURN_TYPER:\n            exception_class = InvalidSelectorException\n        elif status in ErrorCode.ELEMENT_IS_NOT_SELECTABLE:\n            exception_class = ElementNotSelectableException\n        elif status in ErrorCode.ELEMENT_NOT_INTERACTABLE:\n            exception_class = ElementNotInteractableException\n        elif status in ErrorCode.INVALID_COOKIE_DOMAIN:\n            exception_class = InvalidCookieDomainException\n        elif status in ErrorCode.UNABLE_TO_SET_COOKIE:\n            exception_class = UnableToSetCookieException\n        elif status in ErrorCode.TIMEOUT:\n            exception_class = TimeoutException\n        elif status in ErrorCode.SCRIPT_TIMEOUT:\n            exception_class = TimeoutException\n        elif status in ErrorCode.UNKNOWN_ERROR:\n            exception_class = WebDriverException\n        elif status in ErrorCode.UNEXPECTED_ALERT_OPEN:\n            exception_class = UnexpectedAlertPresentException\n        elif status in ErrorCode.NO_ALERT_OPEN:\n            exception_class = NoAlertPresentException\n        elif status in ErrorCode.IME_NOT_AVAILABLE:\n            exception_class = ImeNotAvailableException\n        elif status in ErrorCode.IME_ENGINE_ACTIVATION_FAILED:\n            exception_class = ImeActivationFailedException\n        elif status in ErrorCode.MOVE_TARGET_OUT_OF_BOUNDS:\n            exception_class = MoveTargetOutOfBoundsException\n        elif status in ErrorCode.JAVASCRIPT_ERROR:\n            exception_class = JavascriptException\n        elif status in ErrorCode.SESSION_NOT_CREATED:\n            exception_class = SessionNotCreatedException\n        elif status in ErrorCode.INVALID_ARGUMENT:\n            exception_class = InvalidArgumentException\n        elif status in ErrorCode.NO_SUCH_COOKIE:\n            exception_class = NoSuchCookieException\n        elif status in ErrorCode.UNABLE_TO_CAPTURE_SCREEN:\n            exception_class = ScreenshotException\n        elif status in ErrorCode.ELEMENT_CLICK_INTERCEPTED:\n            exception_class = ElementClickInterceptedException\n        elif status in ErrorCode.INSECURE_CERTIFICATE:\n            exception_class = InsecureCertificateException\n        elif status in ErrorCode.INVALID_COORDINATES:\n            exception_class = InvalidCoordinatesException\n        elif status in ErrorCode.INVALID_SESSION_ID:\n            exception_class = InvalidSessionIdException\n        elif status in ErrorCode.UNKNOWN_METHOD:\n            exception_class = UnknownMethodException\n        else:\n            exception_class = WebDriverException\n        if value == '' or value is None:\n            value = response['value']\n        if isinstance(value, basestring):\n            if exception_class == ErrorInResponseException:\n                raise exception_class(response, value)\n            raise exception_class(value)\n        if message == \"\" and 'message' in value:\n            message = value['message']\n    \n        screen = None\n        if 'screen' in value:\n            screen = value['screen']\n    \n        stacktrace = None\n        if 'stackTrace' in value and value['stackTrace']:\n            stacktrace = []\n            try:\n                for frame in value['stackTrace']:\n                    line = self._value_or_default(frame, 'lineNumber', '')\n                    file = self._value_or_default(frame, 'fileName', '<anonymous>')\n                    if line:\n                        file = \"%s:%s\" % (file, line)\n                    meth = self._value_or_default(frame, 'methodName', '<anonymous>')\n                    if 'className' in frame:\n                        meth = \"%s.%s\" % (frame['className'], meth)\n                    msg = \"    at %s (%s)\"\n                    msg = msg % (meth, file)\n                    stacktrace.append(msg)\n            except TypeError:\n                pass\n        if exception_class == ErrorInResponseException:\n            raise exception_class(response, message)\n        elif exception_class == UnexpectedAlertPresentException:\n            alert_text = None\n            if 'data' in value:\n                alert_text = value['data'].get('text')\n            elif 'alert' in value:\n                alert_text = value['alert'].get('text')\n            raise exception_class(message, screen, stacktrace, alert_text)\n>       raise exception_class(message, screen, stacktrace)\nE       selenium.common.exceptions.WebDriverException: Message: unknown error: Element <input type=\"text\" readonly=\"readonly\" placeholder=\"请选择\" class=\"selliinp\"> is not clickable at point (643, 393). Other element would receive the click: <li class=\"el-select-dropdown__item deviceItem playeropt\">...</li>\nE         (Session info: chrome=79.0.3945.88)\nE         (Driver info: chromedriver=2.44.609545 (c2f88692e98ce7233d2df7c724465ecacfe74df5),platform=Mac OS X 10.14.0 x86_64)\n\n../../../Documents/python/ui-automation/venv/lib/python3.6/site-packages/selenium/webdriver/remote/errorhandler.py:242: WebDriverException",
    "steps" : [ {
      "name" : "1.点击设备管理 2.点击新增按钮",
      "time" : {
        "start" : 1577676302787,
        "stop" : 1577676303626,
        "duration" : 839
      },
      "status" : "passed",
      "steps" : [ ],
      "attachments" : [ ],
      "parameters" : [ ],
      "hasContent" : false,
      "stepsCount" : 0,
      "attachmentsCount" : 0,
      "shouldDisplayMessage" : false
    }, {
      "name" : "3.输入设备名称 4.输入设备ip",
      "time" : {
        "start" : 1577676303627,
        "stop" : 1577676303979,
        "duration" : 352
      },
      "status" : "passed",
      "steps" : [ ],
      "attachments" : [ ],
      "parameters" : [ {
        "name" : "device_name",
        "value" : "'测试设备'"
      }, {
        "name" : "device_ip",
        "value" : "'192.168.1.1'"
      } ],
      "hasContent" : true,
      "stepsCount" : 0,
      "attachmentsCount" : 0,
      "shouldDisplayMessage" : false
    }, {
      "name" : "选择设备类型",
      "time" : {
        "start" : 1577676304007,
        "stop" : 1577676304093,
        "duration" : 86
      },
      "status" : "passed",
      "steps" : [ ],
      "attachments" : [ ],
      "parameters" : [ {
        "name" : "locator_one",
        "value" : "<selenium.webdriver.remote.webelement.WebElement (session=\"4b39d22c75fde714a17c21b236ddd2cb\", element=\"0.39511092048314866-9\")>"
      }, {
        "name" : "locator_two",
        "value" : "<selenium.webdriver.remote.webelement.WebElement (session=\"4b39d22c75fde714a17c21b236ddd2cb\", element=\"0.39511092048314866-10\")>"
      } ],
      "hasContent" : true,
      "stepsCount" : 0,
      "attachmentsCount" : 0,
      "shouldDisplayMessage" : false
    }, {
      "name" : "选择所属机构，输入生产厂家, 点击确定",
      "time" : {
        "start" : 1577676304093,
        "stop" : 1577676304164,
        "duration" : 71
      },
      "status" : "broken",
      "statusMessage" : "selenium.common.exceptions.WebDriverException: Message: unknown error: Element <input type=\"text\" readonly=\"readonly\" placeholder=\"请选择\" class=\"selliinp\"> is not clickable at point (643, 393). Other element would receive the click: <li class=\"el-select-dropdown__item deviceItem playeropt\">...</li>\n  (Session info: chrome=79.0.3945.88)\n  (Driver info: chromedriver=2.44.609545 (c2f88692e98ce7233d2df7c724465ecacfe74df5),platform=Mac OS X 10.14.0 x86_64)\n\n",
      "statusTrace" : "  File \"/Users/kouhui/Documents/python/ui-automation/venv/lib/python3.6/site-packages/allure_commons/_allure.py\", line 157, in impl\n    return func(*a, **kw)\n  File \"/Users/kouhui/Desktop/automatic/ui-automatic/OperationalLayer/deviceManagement/deviceManagementAddOperate.py\", line 30, in choose_organization_manufacturer\n    self.click(DeviceManagementElement.belong_to_organization_drop_down_box)\n  File \"/Users/kouhui/Desktop/automatic/ui-automatic/Base/base.py\", line 51, in click\n    ele.click()\n  File \"/Users/kouhui/Documents/python/ui-automation/venv/lib/python3.6/site-packages/selenium/webdriver/remote/webelement.py\", line 80, in click\n    self._execute(Command.CLICK_ELEMENT)\n  File \"/Users/kouhui/Documents/python/ui-automation/venv/lib/python3.6/site-packages/selenium/webdriver/remote/webelement.py\", line 633, in _execute\n    return self._parent.execute(command, params)\n  File \"/Users/kouhui/Documents/python/ui-automation/venv/lib/python3.6/site-packages/selenium/webdriver/remote/webdriver.py\", line 321, in execute\n    self.error_handler.check_response(response)\n  File \"/Users/kouhui/Documents/python/ui-automation/venv/lib/python3.6/site-packages/selenium/webdriver/remote/errorhandler.py\", line 242, in check_response\n    raise exception_class(message, screen, stacktrace)\n",
      "steps" : [ ],
      "attachments" : [ ],
      "parameters" : [ {
        "name" : "manufacturer",
        "value" : "'测试厂家'"
      } ],
      "hasContent" : true,
      "stepsCount" : 0,
      "attachmentsCount" : 0,
      "shouldDisplayMessage" : true
    } ],
    "attachments" : [ {
      "uid" : "4e5ba8b9d1074b82",
      "name" : "stdout",
      "source" : "4e5ba8b9d1074b82.txt",
      "type" : "text/plain",
      "size" : 851
    } ],
    "parameters" : [ ],
    "hasContent" : true,
    "stepsCount" : 4,
    "attachmentsCount" : 1,
    "shouldDisplayMessage" : true
  },
  "afterStages" : [ ],
  "labels" : [ {
    "name" : "feature",
    "value" : "设备管理"
  }, {
    "name" : "story",
    "value" : "这是一个测试正常新增设备的case"
  }, {
    "name" : "parentSuite",
    "value" : "test_cases.test_device_management"
  }, {
    "name" : "suite",
    "value" : "test_add_device"
  }, {
    "name" : "subSuite",
    "value" : "TestAddDevice"
  }, {
    "name" : "host",
    "value" : "kouhuideMacBook-Air.local"
  }, {
    "name" : "thread",
    "value" : "78635-MainThread"
  }, {
    "name" : "framework",
    "value" : "pytest"
  }, {
    "name" : "language",
    "value" : "cpython3"
  }, {
    "name" : "package",
    "value" : "test_cases.test_device_management.test_add_device"
  }, {
    "name" : "resultFormat",
    "value" : "allure2"
  } ],
  "parameters" : [ ],
  "links" : [ ],
  "hidden" : true,
  "retry" : true,
  "extra" : {
    "categories" : [ ],
    "tags" : [ ]
  },
  "source" : "90446455717f4d1c.json",
  "parameterValues" : [ ]
}