{
  "uid" : "90804c9d7c2a378",
  "name" : "test_normal_login",
  "fullName" : "test_cases.test_user_management.test_add_user.TestAddUser#test_normal_login",
  "historyId" : "7006e2f7968905b204fcb6e8d24a2441",
  "time" : {
    "start" : 1577257335826,
    "stop" : 1577257348116,
    "duration" : 12290
  },
  "description" : "\n        用例描述：输入编号，姓名，账号名，选择所属结构，正常新增用户\n        :return:\n        ",
  "descriptionHtml" : "<pre><code>    用例描述：输入编号，姓名，账号名，选择所属结构，正常新增用户\n    :return:\n</code></pre>\n",
  "status" : "broken",
  "statusMessage" : "selenium.common.exceptions.TimeoutException: Message:",
  "statusTrace" : "self = <test_cases.test_user_management.test_add_user.TestAddUser object at 0x10ba23da0>\nstate_user_management_class = <OperationalLayer.UserManagement.userManagementOperate.UserManagementOperate object at 0x10ba6fb00>\n\n    @allure.story('这是一个测试正常新增的case')\n    def test_normal_login(self, state_user_management_class):\n        '''\n        用例描述：输入编号，姓名，账号名，选择所属结构，正常新增用户\n        :return:\n        '''\n        state_user_management_class.click_user_management()\n        state_user_management_class.add_user(normal_add_user_data['serial_num'],\n                                             normal_add_user_data['name'], normal_add_user_data['account'])\n        state_user_management_class.choose_organization()\n>       state_user_management_class.confirm()\n\ntest_cases/test_user_management/test_add_user.py:25: \n_ _ _ _ _ _ _ _ _ _ _ _ _ _ _ _ _ _ _ _ _ _ _ _ _ _ _ _ _ _ _ _ _ _ _ _ _ _ _ _ _ _ _ _ _ _ _ _ _ _ _ _ _ _ _ _ _ _ _ _ _ _ _ _ _ _ _ _ _ _ _ _ _ _ _ _ _ _ _ _ _ _ _ _ _ _ _ _ _ _ _ _ _ _ _ _ _\nOperationalLayer/UserManagement/userManagementOperate.py:32: in confirm\n    self.click(UserManagementElement.add_user_confirm_button)\nBase/base.py:50: in click\n    ele = self.find_element(locator)\nBase/base.py:29: in find_element\n    ele = WebDriverWait(self.driver, self.timeout, self.t).until(EC.presence_of_element_located(locator))\n_ _ _ _ _ _ _ _ _ _ _ _ _ _ _ _ _ _ _ _ _ _ _ _ _ _ _ _ _ _ _ _ _ _ _ _ _ _ _ _ _ _ _ _ _ _ _ _ _ _ _ _ _ _ _ _ _ _ _ _ _ _ _ _ _ _ _ _ _ _ _ _ _ _ _ _ _ _ _ _ _ _ _ _ _ _ _ _ _ _ _ _ _ _ _ _ _\n\nself = <selenium.webdriver.support.wait.WebDriverWait (session=\"023741ebb9b3367b8d924c3896503cca\")>\nmethod = <selenium.webdriver.support.expected_conditions.presence_of_element_located object at 0x10ba6f7b8>, message = ''\n\n    def until(self, method, message=''):\n        \"\"\"Calls the method provided with the driver as an argument until the \\\n        return value is not False.\"\"\"\n        screen = None\n        stacktrace = None\n    \n        end_time = time.time() + self._timeout\n        while True:\n            try:\n                value = method(self._driver)\n                if value:\n                    return value\n            except self._ignored_exceptions as exc:\n                screen = getattr(exc, 'screen', None)\n                stacktrace = getattr(exc, 'stacktrace', None)\n            time.sleep(self._poll)\n            if time.time() > end_time:\n                break\n>       raise TimeoutException(message, screen, stacktrace)\nE       selenium.common.exceptions.TimeoutException: Message:\n\n../../../Documents/python/ui-automation/venv/lib/python3.6/site-packages/selenium/webdriver/support/wait.py:80: TimeoutException",
  "flaky" : false,
  "beforeStages" : [ {
    "name" : "state_login_class",
    "time" : {
      "start" : 1577257333901,
      "stop" : 1577257333902,
      "duration" : 1
    },
    "status" : "passed",
    "steps" : [ ],
    "attachments" : [ ],
    "parameters" : [ ],
    "hasContent" : false,
    "stepsCount" : 0,
    "attachmentsCount" : 0,
    "shouldDisplayMessage" : false
  }, {
    "name" : "state_driver",
    "time" : {
      "start" : 1577257330688,
      "stop" : 1577257333896,
      "duration" : 3208
    },
    "status" : "passed",
    "steps" : [ ],
    "attachments" : [ ],
    "parameters" : [ ],
    "hasContent" : false,
    "stepsCount" : 0,
    "attachmentsCount" : 0,
    "shouldDisplayMessage" : false
  }, {
    "name" : "state_user_management_class",
    "time" : {
      "start" : 1577257335773,
      "stop" : 1577257335773,
      "duration" : 0
    },
    "status" : "passed",
    "steps" : [ ],
    "attachments" : [ ],
    "parameters" : [ ],
    "hasContent" : false,
    "stepsCount" : 0,
    "attachmentsCount" : 0,
    "shouldDisplayMessage" : false
  }, {
    "name" : "normal_login",
    "time" : {
      "start" : 1577257333903,
      "stop" : 1577257335772,
      "duration" : 1869
    },
    "status" : "passed",
    "steps" : [ {
      "name" : "步骤1：到达登录页面",
      "time" : {
        "start" : 1577257333905,
        "stop" : 1577257335005,
        "duration" : 1100
      },
      "status" : "passed",
      "steps" : [ ],
      "attachments" : [ ],
      "parameters" : [ ],
      "hasContent" : false,
      "stepsCount" : 0,
      "attachmentsCount" : 0,
      "shouldDisplayMessage" : false
    }, {
      "name" : "步骤2：输入账号，密码，验证码",
      "time" : {
        "start" : 1577257335005,
        "stop" : 1577257335659,
        "duration" : 654
      },
      "status" : "passed",
      "steps" : [ ],
      "attachments" : [ ],
      "parameters" : [ {
        "name" : "account",
        "value" : "'admin'"
      }, {
        "name" : "password",
        "value" : "'admin123'"
      }, {
        "name" : "verification_code",
        "value" : "'1111'"
      } ],
      "hasContent" : true,
      "stepsCount" : 0,
      "attachmentsCount" : 0,
      "shouldDisplayMessage" : false
    }, {
      "name" : "步骤3：点击登录按钮",
      "time" : {
        "start" : 1577257335659,
        "stop" : 1577257335772,
        "duration" : 113
      },
      "status" : "passed",
      "steps" : [ ],
      "attachments" : [ ],
      "parameters" : [ ],
      "hasContent" : false,
      "stepsCount" : 0,
      "attachmentsCount" : 0,
      "shouldDisplayMessage" : false
    } ],
    "attachments" : [ ],
    "parameters" : [ ],
    "hasContent" : true,
    "stepsCount" : 3,
    "attachmentsCount" : 0,
    "shouldDisplayMessage" : false
  }, {
    "name" : "database_base_configuration",
    "time" : {
      "start" : 1577257330573,
      "stop" : 1577257330688,
      "duration" : 115
    },
    "status" : "passed",
    "steps" : [ {
      "name" : "清空数据库",
      "time" : {
        "start" : 1577257330573,
        "stop" : 1577257330653,
        "duration" : 80
      },
      "status" : "passed",
      "steps" : [ ],
      "attachments" : [ ],
      "parameters" : [ ],
      "hasContent" : false,
      "stepsCount" : 0,
      "attachmentsCount" : 0,
      "shouldDisplayMessage" : false
    }, {
      "name" : "新增基础数据",
      "time" : {
        "start" : 1577257330653,
        "stop" : 1577257330688,
        "duration" : 35
      },
      "status" : "passed",
      "steps" : [ ],
      "attachments" : [ ],
      "parameters" : [ ],
      "hasContent" : false,
      "stepsCount" : 0,
      "attachmentsCount" : 0,
      "shouldDisplayMessage" : false
    } ],
    "attachments" : [ ],
    "parameters" : [ ],
    "hasContent" : true,
    "stepsCount" : 2,
    "attachmentsCount" : 0,
    "shouldDisplayMessage" : false
  } ],
  "testStage" : {
    "description" : "\n        用例描述：输入编号，姓名，账号名，选择所属结构，正常新增用户\n        :return:\n        ",
    "status" : "broken",
    "statusMessage" : "selenium.common.exceptions.TimeoutException: Message:",
    "statusTrace" : "self = <test_cases.test_user_management.test_add_user.TestAddUser object at 0x10ba23da0>\nstate_user_management_class = <OperationalLayer.UserManagement.userManagementOperate.UserManagementOperate object at 0x10ba6fb00>\n\n    @allure.story('这是一个测试正常新增的case')\n    def test_normal_login(self, state_user_management_class):\n        '''\n        用例描述：输入编号，姓名，账号名，选择所属结构，正常新增用户\n        :return:\n        '''\n        state_user_management_class.click_user_management()\n        state_user_management_class.add_user(normal_add_user_data['serial_num'],\n                                             normal_add_user_data['name'], normal_add_user_data['account'])\n        state_user_management_class.choose_organization()\n>       state_user_management_class.confirm()\n\ntest_cases/test_user_management/test_add_user.py:25: \n_ _ _ _ _ _ _ _ _ _ _ _ _ _ _ _ _ _ _ _ _ _ _ _ _ _ _ _ _ _ _ _ _ _ _ _ _ _ _ _ _ _ _ _ _ _ _ _ _ _ _ _ _ _ _ _ _ _ _ _ _ _ _ _ _ _ _ _ _ _ _ _ _ _ _ _ _ _ _ _ _ _ _ _ _ _ _ _ _ _ _ _ _ _ _ _ _\nOperationalLayer/UserManagement/userManagementOperate.py:32: in confirm\n    self.click(UserManagementElement.add_user_confirm_button)\nBase/base.py:50: in click\n    ele = self.find_element(locator)\nBase/base.py:29: in find_element\n    ele = WebDriverWait(self.driver, self.timeout, self.t).until(EC.presence_of_element_located(locator))\n_ _ _ _ _ _ _ _ _ _ _ _ _ _ _ _ _ _ _ _ _ _ _ _ _ _ _ _ _ _ _ _ _ _ _ _ _ _ _ _ _ _ _ _ _ _ _ _ _ _ _ _ _ _ _ _ _ _ _ _ _ _ _ _ _ _ _ _ _ _ _ _ _ _ _ _ _ _ _ _ _ _ _ _ _ _ _ _ _ _ _ _ _ _ _ _ _\n\nself = <selenium.webdriver.support.wait.WebDriverWait (session=\"023741ebb9b3367b8d924c3896503cca\")>\nmethod = <selenium.webdriver.support.expected_conditions.presence_of_element_located object at 0x10ba6f7b8>, message = ''\n\n    def until(self, method, message=''):\n        \"\"\"Calls the method provided with the driver as an argument until the \\\n        return value is not False.\"\"\"\n        screen = None\n        stacktrace = None\n    \n        end_time = time.time() + self._timeout\n        while True:\n            try:\n                value = method(self._driver)\n                if value:\n                    return value\n            except self._ignored_exceptions as exc:\n                screen = getattr(exc, 'screen', None)\n                stacktrace = getattr(exc, 'stacktrace', None)\n            time.sleep(self._poll)\n            if time.time() > end_time:\n                break\n>       raise TimeoutException(message, screen, stacktrace)\nE       selenium.common.exceptions.TimeoutException: Message:\n\n../../../Documents/python/ui-automation/venv/lib/python3.6/site-packages/selenium/webdriver/support/wait.py:80: TimeoutException",
    "steps" : [ {
      "name" : "点击用户管理",
      "time" : {
        "start" : 1577257335827,
        "stop" : 1577257336798,
        "duration" : 971
      },
      "status" : "passed",
      "steps" : [ ],
      "attachments" : [ ],
      "parameters" : [ ],
      "hasContent" : false,
      "stepsCount" : 0,
      "attachmentsCount" : 0,
      "shouldDisplayMessage" : false
    }, {
      "name" : "1.点击添加2.输入编号3.输入姓名4.输入账号",
      "time" : {
        "start" : 1577257336798,
        "stop" : 1577257337565,
        "duration" : 767
      },
      "status" : "passed",
      "steps" : [ ],
      "attachments" : [ ],
      "parameters" : [ {
        "name" : "serial_number",
        "value" : "1"
      }, {
        "name" : "name",
        "value" : "'test'"
      }, {
        "name" : "account",
        "value" : "'test1'"
      } ],
      "hasContent" : true,
      "stepsCount" : 0,
      "attachmentsCount" : 0,
      "shouldDisplayMessage" : false
    }, {
      "name" : "选择所属机构",
      "time" : {
        "start" : 1577257337565,
        "stop" : 1577257337802,
        "duration" : 237
      },
      "status" : "passed",
      "steps" : [ ],
      "attachments" : [ ],
      "parameters" : [ ],
      "hasContent" : false,
      "stepsCount" : 0,
      "attachmentsCount" : 0,
      "shouldDisplayMessage" : false
    }, {
      "name" : "点击确定",
      "time" : {
        "start" : 1577257337803,
        "stop" : 1577257348111,
        "duration" : 10308
      },
      "status" : "broken",
      "statusMessage" : "selenium.common.exceptions.TimeoutException: Message: \n\n",
      "statusTrace" : "  File \"/Users/kouhui/Documents/python/ui-automation/venv/lib/python3.6/site-packages/allure_commons/_allure.py\", line 157, in impl\n    return func(*a, **kw)\n  File \"/Users/kouhui/Desktop/automatic/ui-automatic/OperationalLayer/UserManagement/userManagementOperate.py\", line 32, in confirm\n    self.click(UserManagementElement.add_user_confirm_button)\n  File \"/Users/kouhui/Desktop/automatic/ui-automatic/Base/base.py\", line 50, in click\n    ele = self.find_element(locator)\n  File \"/Users/kouhui/Desktop/automatic/ui-automatic/Base/base.py\", line 29, in find_element\n    ele = WebDriverWait(self.driver, self.timeout, self.t).until(EC.presence_of_element_located(locator))\n  File \"/Users/kouhui/Documents/python/ui-automation/venv/lib/python3.6/site-packages/selenium/webdriver/support/wait.py\", line 80, in until\n    raise TimeoutException(message, screen, stacktrace)\n",
      "steps" : [ ],
      "attachments" : [ ],
      "parameters" : [ ],
      "hasContent" : true,
      "stepsCount" : 0,
      "attachmentsCount" : 0,
      "shouldDisplayMessage" : true
    } ],
    "attachments" : [ {
      "uid" : "8429df625e86135",
      "name" : "stdout",
      "source" : "8429df625e86135.txt",
      "type" : "text/plain",
      "size" : 1163
    } ],
    "parameters" : [ ],
    "hasContent" : true,
    "stepsCount" : 4,
    "attachmentsCount" : 1,
    "shouldDisplayMessage" : true
  },
  "afterStages" : [ ],
  "labels" : [ {
    "name" : "feature",
    "value" : "成员管理"
  }, {
    "name" : "story",
    "value" : "这是一个测试正常新增的case"
  }, {
    "name" : "parentSuite",
    "value" : "test_cases.test_user_management"
  }, {
    "name" : "suite",
    "value" : "test_add_user"
  }, {
    "name" : "subSuite",
    "value" : "TestAddUser"
  }, {
    "name" : "host",
    "value" : "kouhuideMacBook-Air.local"
  }, {
    "name" : "thread",
    "value" : "66891-MainThread"
  }, {
    "name" : "framework",
    "value" : "pytest"
  }, {
    "name" : "language",
    "value" : "cpython3"
  }, {
    "name" : "package",
    "value" : "test_cases.test_user_management.test_add_user"
  }, {
    "name" : "resultFormat",
    "value" : "allure2"
  } ],
  "parameters" : [ ],
  "links" : [ ],
  "hidden" : true,
  "retry" : true,
  "extra" : {
    "categories" : [ ],
    "tags" : [ ]
  },
  "source" : "90804c9d7c2a378.json",
  "parameterValues" : [ ]
}