{
  "uid" : "a3fa043b9dd1aac5",
  "name" : "test_modify_",
  "fullName" : "test_cases.test_user_management.test_modify_user.TestAddUser#test_modify_",
  "historyId" : "4a65e4e1ffba8c4ed1f8e191d43a86ab",
  "time" : {
    "start" : 1577326575506,
    "stop" : 1577326595803,
    "duration" : 20297
  },
  "description" : "\n        用例描述：修改用户姓名，正常修改\n        :return:\n        ",
  "descriptionHtml" : "<pre><code>    用例描述：修改用户姓名，正常修改\n    :return:\n</code></pre>\n",
  "status" : "broken",
  "statusMessage" : "selenium.common.exceptions.TimeoutException: Message:",
  "statusTrace" : "self = <test_cases.test_user_management.test_modify_user.TestAddUser object at 0x1046ff518>\nstate_modify_user_management_class = <OperationalLayer.UserManagement.userManagementModifyOperate.UserManagementModifyOperate object at 0x1046e9940>\n\n    @allure.story('这是一个修改人员名字，账号的case')\n    def test_modify_(self, state_modify_user_management_class):\n        '''\n        用例描述：修改用户姓名，正常修改\n        :return:\n        '''\n>       state_modify_user_management_class.click_user_management()\n\ntest_cases/test_user_management/test_modify_user.py:21: \n_ _ _ _ _ _ _ _ _ _ _ _ _ _ _ _ _ _ _ _ _ _ _ _ _ _ _ _ _ _ _ _ _ _ _ _ _ _ _ _ _ _ _ _ _ _ _ _ _ _ _ _ _ _ _ _ _ _ _ _ _ _ _ _ _ _ _ _ _ _ _ _ _ _ _ _ _ _ _ _ _ _ _ _ _ _ _ _ _ _ _ _ _ _ _ _ _\nOperationalLayer/UserManagement/userManagementModifyOperate.py:16: in click_user_management\n    self.click(UserManagementElement.first_blank_space)\nBase/base.py:50: in click\n    ele = self.find_element(locator)\nBase/base.py:29: in find_element\n    ele = WebDriverWait(self.driver, self.timeout, self.t).until(EC.presence_of_element_located(locator))\n_ _ _ _ _ _ _ _ _ _ _ _ _ _ _ _ _ _ _ _ _ _ _ _ _ _ _ _ _ _ _ _ _ _ _ _ _ _ _ _ _ _ _ _ _ _ _ _ _ _ _ _ _ _ _ _ _ _ _ _ _ _ _ _ _ _ _ _ _ _ _ _ _ _ _ _ _ _ _ _ _ _ _ _ _ _ _ _ _ _ _ _ _ _ _ _ _\n\nself = <selenium.webdriver.support.wait.WebDriverWait (session=\"8d0ebf9ebf798a42a74b63d1e75fa5de\")>\nmethod = <selenium.webdriver.support.expected_conditions.presence_of_element_located object at 0x1046f5390>, message = ''\n\n    def until(self, method, message=''):\n        \"\"\"Calls the method provided with the driver as an argument until the \\\n        return value is not False.\"\"\"\n        screen = None\n        stacktrace = None\n    \n        end_time = time.time() + self._timeout\n        while True:\n            try:\n                value = method(self._driver)\n                if value:\n                    return value\n            except self._ignored_exceptions as exc:\n                screen = getattr(exc, 'screen', None)\n                stacktrace = getattr(exc, 'stacktrace', None)\n            time.sleep(self._poll)\n            if time.time() > end_time:\n                break\n>       raise TimeoutException(message, screen, stacktrace)\nE       selenium.common.exceptions.TimeoutException: Message:\n\n../../../Documents/python/ui-automation/venv/lib/python3.6/site-packages/selenium/webdriver/support/wait.py:80: TimeoutException",
  "flaky" : true,
  "beforeStages" : [ {
    "name" : "state_add_user_management_class",
    "time" : {
      "start" : 1577326575499,
      "stop" : 1577326575499,
      "duration" : 0
    },
    "status" : "passed",
    "steps" : [ ],
    "attachments" : [ ],
    "parameters" : [ ],
    "hasContent" : false,
    "stepsCount" : 0,
    "attachmentsCount" : 0,
    "shouldDisplayMessage" : false
  }, {
    "name" : "state_modify_user_management_class",
    "time" : {
      "start" : 1577326575499,
      "stop" : 1577326575499,
      "duration" : 0
    },
    "status" : "passed",
    "steps" : [ ],
    "attachments" : [ ],
    "parameters" : [ ],
    "hasContent" : false,
    "stepsCount" : 0,
    "attachmentsCount" : 0,
    "shouldDisplayMessage" : false
  }, {
    "name" : "state_login_class",
    "time" : {
      "start" : 1577326573493,
      "stop" : 1577326573494,
      "duration" : 1
    },
    "status" : "passed",
    "steps" : [ ],
    "attachments" : [ ],
    "parameters" : [ ],
    "hasContent" : false,
    "stepsCount" : 0,
    "attachmentsCount" : 0,
    "shouldDisplayMessage" : false
  }, {
    "name" : "state_driver",
    "time" : {
      "start" : 1577326570262,
      "stop" : 1577326573489,
      "duration" : 3227
    },
    "status" : "passed",
    "steps" : [ ],
    "attachments" : [ ],
    "parameters" : [ ],
    "hasContent" : false,
    "stepsCount" : 0,
    "attachmentsCount" : 0,
    "shouldDisplayMessage" : false
  }, {
    "name" : "normal_login",
    "time" : {
      "start" : 1577326573495,
      "stop" : 1577326575499,
      "duration" : 2004
    },
    "status" : "passed",
    "steps" : [ {
      "name" : "步骤1：到达登录页面",
      "time" : {
        "start" : 1577326573496,
        "stop" : 1577326574752,
        "duration" : 1256
      },
      "status" : "passed",
      "steps" : [ ],
      "attachments" : [ ],
      "parameters" : [ ],
      "hasContent" : false,
      "stepsCount" : 0,
      "attachmentsCount" : 0,
      "shouldDisplayMessage" : false
    }, {
      "name" : "步骤2：输入账号，密码，验证码",
      "time" : {
        "start" : 1577326574753,
        "stop" : 1577326575431,
        "duration" : 678
      },
      "status" : "passed",
      "steps" : [ ],
      "attachments" : [ ],
      "parameters" : [ {
        "name" : "account",
        "value" : "'admin'"
      }, {
        "name" : "password",
        "value" : "'admin123'"
      }, {
        "name" : "verification_code",
        "value" : "'1111'"
      } ],
      "hasContent" : true,
      "stepsCount" : 0,
      "attachmentsCount" : 0,
      "shouldDisplayMessage" : false
    }, {
      "name" : "步骤3：点击登录按钮",
      "time" : {
        "start" : 1577326575431,
        "stop" : 1577326575499,
        "duration" : 68
      },
      "status" : "passed",
      "steps" : [ ],
      "attachments" : [ ],
      "parameters" : [ ],
      "hasContent" : false,
      "stepsCount" : 0,
      "attachmentsCount" : 0,
      "shouldDisplayMessage" : false
    } ],
    "attachments" : [ ],
    "parameters" : [ ],
    "hasContent" : true,
    "stepsCount" : 3,
    "attachmentsCount" : 0,
    "shouldDisplayMessage" : false
  }, {
    "name" : "database_base_configuration",
    "time" : {
      "start" : 1577326570128,
      "stop" : 1577326570261,
      "duration" : 133
    },
    "status" : "passed",
    "steps" : [ {
      "name" : "清空数据库",
      "time" : {
        "start" : 1577326570129,
        "stop" : 1577326570220,
        "duration" : 91
      },
      "status" : "passed",
      "steps" : [ ],
      "attachments" : [ ],
      "parameters" : [ ],
      "hasContent" : false,
      "stepsCount" : 0,
      "attachmentsCount" : 0,
      "shouldDisplayMessage" : false
    }, {
      "name" : "新增基础数据",
      "time" : {
        "start" : 1577326570220,
        "stop" : 1577326570261,
        "duration" : 41
      },
      "status" : "passed",
      "steps" : [ ],
      "attachments" : [ ],
      "parameters" : [ ],
      "hasContent" : false,
      "stepsCount" : 0,
      "attachmentsCount" : 0,
      "shouldDisplayMessage" : false
    } ],
    "attachments" : [ ],
    "parameters" : [ ],
    "hasContent" : true,
    "stepsCount" : 2,
    "attachmentsCount" : 0,
    "shouldDisplayMessage" : false
  } ],
  "testStage" : {
    "description" : "\n        用例描述：修改用户姓名，正常修改\n        :return:\n        ",
    "status" : "broken",
    "statusMessage" : "selenium.common.exceptions.TimeoutException: Message:",
    "statusTrace" : "self = <test_cases.test_user_management.test_modify_user.TestAddUser object at 0x1046ff518>\nstate_modify_user_management_class = <OperationalLayer.UserManagement.userManagementModifyOperate.UserManagementModifyOperate object at 0x1046e9940>\n\n    @allure.story('这是一个修改人员名字，账号的case')\n    def test_modify_(self, state_modify_user_management_class):\n        '''\n        用例描述：修改用户姓名，正常修改\n        :return:\n        '''\n>       state_modify_user_management_class.click_user_management()\n\ntest_cases/test_user_management/test_modify_user.py:21: \n_ _ _ _ _ _ _ _ _ _ _ _ _ _ _ _ _ _ _ _ _ _ _ _ _ _ _ _ _ _ _ _ _ _ _ _ _ _ _ _ _ _ _ _ _ _ _ _ _ _ _ _ _ _ _ _ _ _ _ _ _ _ _ _ _ _ _ _ _ _ _ _ _ _ _ _ _ _ _ _ _ _ _ _ _ _ _ _ _ _ _ _ _ _ _ _ _\nOperationalLayer/UserManagement/userManagementModifyOperate.py:16: in click_user_management\n    self.click(UserManagementElement.first_blank_space)\nBase/base.py:50: in click\n    ele = self.find_element(locator)\nBase/base.py:29: in find_element\n    ele = WebDriverWait(self.driver, self.timeout, self.t).until(EC.presence_of_element_located(locator))\n_ _ _ _ _ _ _ _ _ _ _ _ _ _ _ _ _ _ _ _ _ _ _ _ _ _ _ _ _ _ _ _ _ _ _ _ _ _ _ _ _ _ _ _ _ _ _ _ _ _ _ _ _ _ _ _ _ _ _ _ _ _ _ _ _ _ _ _ _ _ _ _ _ _ _ _ _ _ _ _ _ _ _ _ _ _ _ _ _ _ _ _ _ _ _ _ _\n\nself = <selenium.webdriver.support.wait.WebDriverWait (session=\"8d0ebf9ebf798a42a74b63d1e75fa5de\")>\nmethod = <selenium.webdriver.support.expected_conditions.presence_of_element_located object at 0x1046f5390>, message = ''\n\n    def until(self, method, message=''):\n        \"\"\"Calls the method provided with the driver as an argument until the \\\n        return value is not False.\"\"\"\n        screen = None\n        stacktrace = None\n    \n        end_time = time.time() + self._timeout\n        while True:\n            try:\n                value = method(self._driver)\n                if value:\n                    return value\n            except self._ignored_exceptions as exc:\n                screen = getattr(exc, 'screen', None)\n                stacktrace = getattr(exc, 'stacktrace', None)\n            time.sleep(self._poll)\n            if time.time() > end_time:\n                break\n>       raise TimeoutException(message, screen, stacktrace)\nE       selenium.common.exceptions.TimeoutException: Message:\n\n../../../Documents/python/ui-automation/venv/lib/python3.6/site-packages/selenium/webdriver/support/wait.py:80: TimeoutException",
    "steps" : [ {
      "name" : "点击修改",
      "time" : {
        "start" : 1577326575507,
        "stop" : 1577326595796,
        "duration" : 20289
      },
      "status" : "broken",
      "statusMessage" : "selenium.common.exceptions.TimeoutException: Message: \n\n",
      "statusTrace" : "  File \"/Users/kouhui/Documents/python/ui-automation/venv/lib/python3.6/site-packages/allure_commons/_allure.py\", line 157, in impl\n    return func(*a, **kw)\n  File \"/Users/kouhui/Desktop/automatic/ui-automatic/OperationalLayer/UserManagement/userManagementModifyOperate.py\", line 16, in click_user_management\n    self.click(UserManagementElement.first_blank_space)\n  File \"/Users/kouhui/Desktop/automatic/ui-automatic/Base/base.py\", line 50, in click\n    ele = self.find_element(locator)\n  File \"/Users/kouhui/Desktop/automatic/ui-automatic/Base/base.py\", line 29, in find_element\n    ele = WebDriverWait(self.driver, self.timeout, self.t).until(EC.presence_of_element_located(locator))\n  File \"/Users/kouhui/Documents/python/ui-automation/venv/lib/python3.6/site-packages/selenium/webdriver/support/wait.py\", line 80, in until\n    raise TimeoutException(message, screen, stacktrace)\n",
      "steps" : [ ],
      "attachments" : [ ],
      "parameters" : [ ],
      "hasContent" : true,
      "stepsCount" : 0,
      "attachmentsCount" : 0,
      "shouldDisplayMessage" : true
    } ],
    "attachments" : [ {
      "uid" : "3dc8abdb1ed04cc1",
      "name" : "stdout",
      "source" : "3dc8abdb1ed04cc1.txt",
      "type" : "text/plain",
      "size" : 411
    } ],
    "parameters" : [ ],
    "hasContent" : true,
    "stepsCount" : 1,
    "attachmentsCount" : 1,
    "shouldDisplayMessage" : true
  },
  "afterStages" : [ ],
  "labels" : [ {
    "name" : "story",
    "value" : "这是一个修改人员名字，账号的case"
  }, {
    "name" : "feature",
    "value" : "成员管理,修改人员"
  }, {
    "name" : "parentSuite",
    "value" : "test_cases.test_user_management"
  }, {
    "name" : "suite",
    "value" : "test_modify_user"
  }, {
    "name" : "subSuite",
    "value" : "TestAddUser"
  }, {
    "name" : "host",
    "value" : "kouhuideMacBook-Air.local"
  }, {
    "name" : "thread",
    "value" : "89694-MainThread"
  }, {
    "name" : "framework",
    "value" : "pytest"
  }, {
    "name" : "language",
    "value" : "cpython3"
  }, {
    "name" : "package",
    "value" : "test_cases.test_user_management.test_modify_user"
  }, {
    "name" : "resultFormat",
    "value" : "allure2"
  } ],
  "parameters" : [ ],
  "links" : [ ],
  "hidden" : false,
  "retry" : false,
  "extra" : {
    "severity" : "normal",
    "retries" : [ {
      "uid" : "884866b0e738e1c1",
      "status" : "broken",
      "statusDetails" : "selenium.common.exceptions.TimeoutException: Message:",
      "time" : {
        "start" : 1577326453563,
        "stop" : 1577326473872,
        "duration" : 20309
      }
    } ],
    "categories" : [ {
      "name" : "Test defects",
      "matchedStatuses" : [ ],
      "flaky" : false
    } ],
    "tags" : [ ]
  },
  "source" : "a3fa043b9dd1aac5.json",
  "parameterValues" : [ ]
}