{
  "uid" : "c84821eb67330caf",
  "name" : "test_normal_login",
  "fullName" : "test_cases.test_user_management.test_add_user.TestAddUser#test_normal_login",
  "historyId" : "7006e2f7968905b204fcb6e8d24a2441",
  "time" : {
    "start" : 1577254055004,
    "stop" : 1577254065891,
    "duration" : 10887
  },
  "description" : "\n        用例描述：输入编号，姓名，账号名，选择所属结构，正常新增用户\n        :return:\n        ",
  "descriptionHtml" : "<pre><code>    用例描述：输入编号，姓名，账号名，选择所属结构，正常新增用户\n    :return:\n</code></pre>\n",
  "status" : "broken",
  "statusMessage" : "selenium.common.exceptions.TimeoutException: Message:",
  "statusTrace" : "self = <test_cases.test_user_management.test_add_user.TestAddUser object at 0x10aead3c8>\nstate_user_management_class = <OperationalLayer.UserManagement.userManagementOperate.UserManagementOperate object at 0x10aee0a20>\n\n    @allure.story('这是一个测试正常新增的case')\n    def test_normal_login(self, state_user_management_class):\n        '''\n        用例描述：输入编号，姓名，账号名，选择所属结构，正常新增用户\n        :return:\n        '''\n        state_user_management_class.click_user_management()\n        state_user_management_class.add_user(normal_add_user_data['serial_num'],\n>                                            normal_add_user_data['name'], normal_add_user_data['account'])\n\ntest_cases/test_user_management/test_add_user.py:23: \n_ _ _ _ _ _ _ _ _ _ _ _ _ _ _ _ _ _ _ _ _ _ _ _ _ _ _ _ _ _ _ _ _ _ _ _ _ _ _ _ _ _ _ _ _ _ _ _ _ _ _ _ _ _ _ _ _ _ _ _ _ _ _ _ _ _ _ _ _ _ _ _ _ _ _ _ _ _ _ _ _ _ _ _ _ _ _ _ _ _ _ _ _ _ _ _ _\nOperationalLayer/UserManagement/userManagementOperate.py:20: in add_user\n    self.click(UserManagementElement.add_user_button)\nBase/base.py:50: in click\n    ele = self.find_element(locator)\nBase/base.py:29: in find_element\n    ele = WebDriverWait(self.driver, self.timeout, self.t).until(EC.presence_of_element_located(locator))\n_ _ _ _ _ _ _ _ _ _ _ _ _ _ _ _ _ _ _ _ _ _ _ _ _ _ _ _ _ _ _ _ _ _ _ _ _ _ _ _ _ _ _ _ _ _ _ _ _ _ _ _ _ _ _ _ _ _ _ _ _ _ _ _ _ _ _ _ _ _ _ _ _ _ _ _ _ _ _ _ _ _ _ _ _ _ _ _ _ _ _ _ _ _ _ _ _\n\nself = <selenium.webdriver.support.wait.WebDriverWait (session=\"d2fd0a8ac39aead109b812b43bfb6f55\")>\nmethod = <selenium.webdriver.support.expected_conditions.presence_of_element_located object at 0x10af44208>, message = ''\n\n    def until(self, method, message=''):\n        \"\"\"Calls the method provided with the driver as an argument until the \\\n        return value is not False.\"\"\"\n        screen = None\n        stacktrace = None\n    \n        end_time = time.time() + self._timeout\n        while True:\n            try:\n                value = method(self._driver)\n                if value:\n                    return value\n            except self._ignored_exceptions as exc:\n                screen = getattr(exc, 'screen', None)\n                stacktrace = getattr(exc, 'stacktrace', None)\n            time.sleep(self._poll)\n            if time.time() > end_time:\n                break\n>       raise TimeoutException(message, screen, stacktrace)\nE       selenium.common.exceptions.TimeoutException: Message:\n\n../../../Documents/python/ui-automation/venv/lib/python3.6/site-packages/selenium/webdriver/support/wait.py:80: TimeoutException",
  "flaky" : false,
  "beforeStages" : [ {
    "name" : "normal_login",
    "time" : {
      "start" : 1577254053264,
      "stop" : 1577254054998,
      "duration" : 1734
    },
    "status" : "passed",
    "steps" : [ {
      "name" : "步骤1：到达登录页面",
      "time" : {
        "start" : 1577254053266,
        "stop" : 1577254054319,
        "duration" : 1053
      },
      "status" : "passed",
      "steps" : [ ],
      "attachments" : [ ],
      "parameters" : [ ],
      "hasContent" : false,
      "stepsCount" : 0,
      "attachmentsCount" : 0,
      "shouldDisplayMessage" : false
    }, {
      "name" : "步骤2：输入账号，密码，验证码",
      "time" : {
        "start" : 1577254054320,
        "stop" : 1577254054927,
        "duration" : 607
      },
      "status" : "passed",
      "steps" : [ ],
      "attachments" : [ ],
      "parameters" : [ {
        "name" : "account",
        "value" : "'admin'"
      }, {
        "name" : "password",
        "value" : "'admin123'"
      }, {
        "name" : "verification_code",
        "value" : "'1111'"
      } ],
      "hasContent" : true,
      "stepsCount" : 0,
      "attachmentsCount" : 0,
      "shouldDisplayMessage" : false
    }, {
      "name" : "步骤3：点击登录按钮",
      "time" : {
        "start" : 1577254054927,
        "stop" : 1577254054998,
        "duration" : 71
      },
      "status" : "passed",
      "steps" : [ ],
      "attachments" : [ ],
      "parameters" : [ ],
      "hasContent" : false,
      "stepsCount" : 0,
      "attachmentsCount" : 0,
      "shouldDisplayMessage" : false
    } ],
    "attachments" : [ ],
    "parameters" : [ ],
    "hasContent" : true,
    "stepsCount" : 3,
    "attachmentsCount" : 0,
    "shouldDisplayMessage" : false
  }, {
    "name" : "state_user_management_class",
    "time" : {
      "start" : 1577254054999,
      "stop" : 1577254054999,
      "duration" : 0
    },
    "status" : "passed",
    "steps" : [ ],
    "attachments" : [ ],
    "parameters" : [ ],
    "hasContent" : false,
    "stepsCount" : 0,
    "attachmentsCount" : 0,
    "shouldDisplayMessage" : false
  }, {
    "name" : "database_base_configuration",
    "time" : {
      "start" : 1577254049809,
      "stop" : 1577254049949,
      "duration" : 140
    },
    "status" : "passed",
    "steps" : [ {
      "name" : "清空数据库",
      "time" : {
        "start" : 1577254049809,
        "stop" : 1577254049902,
        "duration" : 93
      },
      "status" : "passed",
      "steps" : [ ],
      "attachments" : [ ],
      "parameters" : [ ],
      "hasContent" : false,
      "stepsCount" : 0,
      "attachmentsCount" : 0,
      "shouldDisplayMessage" : false
    }, {
      "name" : "新增基础数据",
      "time" : {
        "start" : 1577254049902,
        "stop" : 1577254049948,
        "duration" : 46
      },
      "status" : "passed",
      "steps" : [ ],
      "attachments" : [ ],
      "parameters" : [ ],
      "hasContent" : false,
      "stepsCount" : 0,
      "attachmentsCount" : 0,
      "shouldDisplayMessage" : false
    } ],
    "attachments" : [ ],
    "parameters" : [ ],
    "hasContent" : true,
    "stepsCount" : 2,
    "attachmentsCount" : 0,
    "shouldDisplayMessage" : false
  }, {
    "name" : "state_login_class",
    "time" : {
      "start" : 1577254053263,
      "stop" : 1577254053264,
      "duration" : 1
    },
    "status" : "passed",
    "steps" : [ ],
    "attachments" : [ ],
    "parameters" : [ ],
    "hasContent" : false,
    "stepsCount" : 0,
    "attachmentsCount" : 0,
    "shouldDisplayMessage" : false
  }, {
    "name" : "state_driver",
    "time" : {
      "start" : 1577254049949,
      "stop" : 1577254053261,
      "duration" : 3312
    },
    "status" : "passed",
    "steps" : [ ],
    "attachments" : [ ],
    "parameters" : [ ],
    "hasContent" : false,
    "stepsCount" : 0,
    "attachmentsCount" : 0,
    "shouldDisplayMessage" : false
  } ],
  "testStage" : {
    "description" : "\n        用例描述：输入编号，姓名，账号名，选择所属结构，正常新增用户\n        :return:\n        ",
    "status" : "broken",
    "statusMessage" : "selenium.common.exceptions.TimeoutException: Message:",
    "statusTrace" : "self = <test_cases.test_user_management.test_add_user.TestAddUser object at 0x10aead3c8>\nstate_user_management_class = <OperationalLayer.UserManagement.userManagementOperate.UserManagementOperate object at 0x10aee0a20>\n\n    @allure.story('这是一个测试正常新增的case')\n    def test_normal_login(self, state_user_management_class):\n        '''\n        用例描述：输入编号，姓名，账号名，选择所属结构，正常新增用户\n        :return:\n        '''\n        state_user_management_class.click_user_management()\n        state_user_management_class.add_user(normal_add_user_data['serial_num'],\n>                                            normal_add_user_data['name'], normal_add_user_data['account'])\n\ntest_cases/test_user_management/test_add_user.py:23: \n_ _ _ _ _ _ _ _ _ _ _ _ _ _ _ _ _ _ _ _ _ _ _ _ _ _ _ _ _ _ _ _ _ _ _ _ _ _ _ _ _ _ _ _ _ _ _ _ _ _ _ _ _ _ _ _ _ _ _ _ _ _ _ _ _ _ _ _ _ _ _ _ _ _ _ _ _ _ _ _ _ _ _ _ _ _ _ _ _ _ _ _ _ _ _ _ _\nOperationalLayer/UserManagement/userManagementOperate.py:20: in add_user\n    self.click(UserManagementElement.add_user_button)\nBase/base.py:50: in click\n    ele = self.find_element(locator)\nBase/base.py:29: in find_element\n    ele = WebDriverWait(self.driver, self.timeout, self.t).until(EC.presence_of_element_located(locator))\n_ _ _ _ _ _ _ _ _ _ _ _ _ _ _ _ _ _ _ _ _ _ _ _ _ _ _ _ _ _ _ _ _ _ _ _ _ _ _ _ _ _ _ _ _ _ _ _ _ _ _ _ _ _ _ _ _ _ _ _ _ _ _ _ _ _ _ _ _ _ _ _ _ _ _ _ _ _ _ _ _ _ _ _ _ _ _ _ _ _ _ _ _ _ _ _ _\n\nself = <selenium.webdriver.support.wait.WebDriverWait (session=\"d2fd0a8ac39aead109b812b43bfb6f55\")>\nmethod = <selenium.webdriver.support.expected_conditions.presence_of_element_located object at 0x10af44208>, message = ''\n\n    def until(self, method, message=''):\n        \"\"\"Calls the method provided with the driver as an argument until the \\\n        return value is not False.\"\"\"\n        screen = None\n        stacktrace = None\n    \n        end_time = time.time() + self._timeout\n        while True:\n            try:\n                value = method(self._driver)\n                if value:\n                    return value\n            except self._ignored_exceptions as exc:\n                screen = getattr(exc, 'screen', None)\n                stacktrace = getattr(exc, 'stacktrace', None)\n            time.sleep(self._poll)\n            if time.time() > end_time:\n                break\n>       raise TimeoutException(message, screen, stacktrace)\nE       selenium.common.exceptions.TimeoutException: Message:\n\n../../../Documents/python/ui-automation/venv/lib/python3.6/site-packages/selenium/webdriver/support/wait.py:80: TimeoutException",
    "steps" : [ {
      "name" : "点击用户管理",
      "time" : {
        "start" : 1577254055005,
        "stop" : 1577254055585,
        "duration" : 580
      },
      "status" : "passed",
      "steps" : [ ],
      "attachments" : [ ],
      "parameters" : [ ],
      "hasContent" : false,
      "stepsCount" : 0,
      "attachmentsCount" : 0,
      "shouldDisplayMessage" : false
    }, {
      "name" : "1.点击添加2.输入编号3.输入姓名4.输入账号",
      "time" : {
        "start" : 1577254055585,
        "stop" : 1577254065884,
        "duration" : 10299
      },
      "status" : "broken",
      "statusMessage" : "selenium.common.exceptions.TimeoutException: Message: \n\n",
      "statusTrace" : "  File \"/Users/kouhui/Documents/python/ui-automation/venv/lib/python3.6/site-packages/allure_commons/_allure.py\", line 157, in impl\n    return func(*a, **kw)\n  File \"/Users/kouhui/Desktop/automatic/ui-automatic/OperationalLayer/UserManagement/userManagementOperate.py\", line 20, in add_user\n    self.click(UserManagementElement.add_user_button)\n  File \"/Users/kouhui/Desktop/automatic/ui-automatic/Base/base.py\", line 50, in click\n    ele = self.find_element(locator)\n  File \"/Users/kouhui/Desktop/automatic/ui-automatic/Base/base.py\", line 29, in find_element\n    ele = WebDriverWait(self.driver, self.timeout, self.t).until(EC.presence_of_element_located(locator))\n  File \"/Users/kouhui/Documents/python/ui-automation/venv/lib/python3.6/site-packages/selenium/webdriver/support/wait.py\", line 80, in until\n    raise TimeoutException(message, screen, stacktrace)\n",
      "steps" : [ ],
      "attachments" : [ ],
      "parameters" : [ {
        "name" : "serial_number",
        "value" : "1"
      }, {
        "name" : "name",
        "value" : "'test'"
      }, {
        "name" : "account",
        "value" : "'test_account'"
      } ],
      "hasContent" : true,
      "stepsCount" : 0,
      "attachmentsCount" : 0,
      "shouldDisplayMessage" : true
    } ],
    "attachments" : [ {
      "uid" : "d585b3622556e509",
      "name" : "stdout",
      "source" : "d585b3622556e509.txt",
      "type" : "text/plain",
      "size" : 489
    } ],
    "parameters" : [ ],
    "hasContent" : true,
    "stepsCount" : 2,
    "attachmentsCount" : 1,
    "shouldDisplayMessage" : true
  },
  "afterStages" : [ ],
  "labels" : [ {
    "name" : "story",
    "value" : "这是一个测试正常新增的case"
  }, {
    "name" : "feature",
    "value" : "成员管理"
  }, {
    "name" : "parentSuite",
    "value" : "test_cases.test_user_management"
  }, {
    "name" : "suite",
    "value" : "test_add_user"
  }, {
    "name" : "subSuite",
    "value" : "TestAddUser"
  }, {
    "name" : "host",
    "value" : "kouhuideMacBook-Air.local"
  }, {
    "name" : "thread",
    "value" : "60661-MainThread"
  }, {
    "name" : "framework",
    "value" : "pytest"
  }, {
    "name" : "language",
    "value" : "cpython3"
  }, {
    "name" : "package",
    "value" : "test_cases.test_user_management.test_add_user"
  }, {
    "name" : "resultFormat",
    "value" : "allure2"
  } ],
  "parameters" : [ ],
  "links" : [ ],
  "hidden" : true,
  "retry" : true,
  "extra" : {
    "categories" : [ ],
    "tags" : [ ]
  },
  "source" : "c84821eb67330caf.json",
  "parameterValues" : [ ]
}